2025-03-14 12:08:01,920 - task_manager - INFO - Task persistence directory: /Users/dariuskashani/CodeProjects/ai_tutor/output/data (absolute: /Users/dariuskashani/CodeProjects/ai_tutor/output/data)
2025-03-14 12:08:01,921 - task_manager - INFO - Initializing TaskManager with persistence file: /Users/dariuskashani/CodeProjects/ai_tutor/output/data/tasks.json
2025-03-14 12:08:01,921 - task_manager - INFO - Loading tasks from /Users/dariuskashani/CodeProjects/ai_tutor/output/data/tasks.json
2025-03-14 12:08:01,921 - task_manager - INFO - Found 0 tasks in persistence file
2025-03-14 12:08:01,921 - task_manager - INFO - Loaded 0 active tasks, skipped 0 old tasks
2025-03-14 12:08:01,921 - task_manager - INFO - Active task IDs: []
Attempting to load Manim knowledge from: /Users/dariuskashani/CodeProjects/ai_tutor/stored_data/manim_knowledge.txt
Successfully loaded 728 bytes of knowledge
ElevenLabs package not found. Audio generation will use placeholder files.
Using Manim knowledge file: /Users/dariuskashani/CodeProjects/ai_tutor/stored_data/manim_knowledge.txt
==================================================
  🧮 Math Tutorial Generator Server 🎥
==================================================
Frontend: http://localhost:8742
API: http://localhost:8742/api
Debug mode: OFF
Verbose logging: ON
==================================================
 * Serving Flask app 'run_app'
 * Debug mode: off
2025-03-14 12:08:01,928 - werkzeug - INFO - [31m[1mWARNING: This is a development server. Do not use it in a production deployment. Use a production WSGI server instead.[0m
 * Running on all addresses (0.0.0.0)
 * Running on http://127.0.0.1:8742
 * Running on http://10.23.30.129:8742
2025-03-14 12:08:01,929 - werkzeug - INFO - [33mPress CTRL+C to quit[0m
2025-03-14 12:08:35,856 - api - INFO - Received request to generate tutorial
2025-03-14 12:08:35,856 - api - INFO - Request data: {'topic': 'Simple Addition', 'level': 'beginner', 'duration': 1, 'dry_run': True}
2025-03-14 12:08:35,856 - api - INFO - Starting tutorial generation for 'Simple Addition', level: beginner, duration: 1min
2025-03-14 12:08:35,856 - api - INFO - [TASK:912d67da-a24b-4c79-9f31-73183c4a6f37] Creating tutorial task for topic: Simple Addition
2025-03-14 12:08:35,856 - task_manager - INFO - Created new task: 912d67da-a24b-4c79-9f31-73183c4a6f37 of type tutorial
2025-03-14 12:08:35,856 - task_manager - INFO - Created new task 912d67da-a24b-4c79-9f31-73183c4a6f37 of type tutorial
2025-03-14 12:09:01,932 - run_app - INFO - Active tasks: 1
2025-03-14 12:09:01,932 - run_app - INFO - Task 912d67da-a24b-4c79-9f31-73183c4a6f37: 0.0% - Task initialized
2025-03-14 12:09:31,937 - run_app - INFO - Active tasks: 1
2025-03-14 12:10:01,941 - run_app - INFO - Active tasks: 1
2025-03-14 12:10:20,879 - werkzeug - INFO - 127.0.0.1 - - [14/Mar/2025 12:10:20] "GET /api/tasks HTTP/1.1" 200 -
2025-03-14 12:10:31,947 - run_app - INFO - Active tasks: 1
2025-03-14 12:11:01,953 - run_app - INFO - Active tasks: 1
