2025-03-14 14:16:47,673 - __main__ - INFO - Loading Manim knowledge from: /Users/dariuskashani/CodeProjects/ai_tutor/stored_data/manim_knowledge.txt
2025-03-14 14:16:47,673 - __main__ - INFO - Loaded 728 bytes of knowledge
2025-03-14 14:16:47,673 - __main__ - INFO - Generating Manim code for scene: Let's start with a title screen that displays "Pyt...
2025-03-14 14:17:05,168 - __main__ - INFO - Received response (2171 characters)
2025-03-14 14:17:05,168 - __main__ - INFO - Cleaning API response code
2025-03-14 14:17:05,169 - __main__ - INFO - Found code blocks in API response
2025-03-14 14:17:05,169 - __main__ - INFO - Generated Manim code successfully (2157 characters)
2025-03-14 14:17:05,171 - __main__ - INFO - Test animation code saved to /Users/dariuskashani/CodeProjects/ai_tutor/output/scenes/scene_0.py
2025-03-14 14:25:30,474 - src.backend.manim_generator - INFO - Loading Manim knowledge from: /Users/dariuskashani/CodeProjects/ai_tutor/stored_data/manim_knowledge.txt
2025-03-14 14:25:30,474 - src.backend.manim_generator - INFO - Loaded 728 bytes of knowledge
2025-03-14 14:37:16,132 - src.backend.manim_generator - INFO - Loading Manim knowledge from: /Users/dariuskashani/CodeProjects/ai_tutor/stored_data/manim_knowledge.txt
2025-03-14 14:37:16,133 - src.backend.manim_generator - INFO - Loaded 728 bytes of knowledge
2025-03-14 14:37:34,615 - src.backend.manim_generator - INFO - Generating Manim code for scene: [00:02] Begin with a title screen showcasing the w...
2025-03-14 14:37:58,305 - src.backend.manim_generator - INFO - Received response (2037 characters)
2025-03-14 14:37:58,305 - src.backend.manim_generator - INFO - Cleaning API response code
2025-03-14 14:37:58,306 - src.backend.manim_generator - INFO - Found code blocks in API response
2025-03-14 14:37:58,306 - src.backend.manim_generator - INFO - Generated Manim code successfully (1665 characters)
2025-03-14 14:37:58,309 - src.backend.manim_generator - INFO - Generating Manim code for scene: [00:22] Show a number line stretching across the s...
2025-03-14 14:38:09,664 - src.backend.manim_generator - INFO - Received response (1582 characters)
2025-03-14 14:38:09,664 - src.backend.manim_generator - INFO - Cleaning API response code
2025-03-14 14:38:09,665 - src.backend.manim_generator - INFO - Found code blocks in API response
2025-03-14 14:38:09,665 - src.backend.manim_generator - INFO - Generated Manim code successfully (1568 characters)
2025-03-14 14:38:09,668 - src.backend.manim_generator - INFO - Generating Manim code for scene: [00:42] Display a hand holding three gold coins. A...
2025-03-14 14:38:27,478 - src.backend.manim_generator - INFO - Received response (2007 characters)
2025-03-14 14:38:27,478 - src.backend.manim_generator - INFO - Cleaning API response code
2025-03-14 14:38:27,479 - src.backend.manim_generator - INFO - Found code blocks in API response
2025-03-14 14:38:27,479 - src.backend.manim_generator - INFO - Generated Manim code successfully (1993 characters)
2025-03-14 14:38:29,337 - src.backend.manim_generator - INFO - Manim import successful
2025-03-14 14:38:29,338 - src.backend.manim_generator - INFO - Cleaning scene file: /Users/dariuskashani/CodeProjects/ai_tutor/output/scenes/scene_0.py
2025-03-14 14:38:29,338 - src.backend.manim_generator - INFO - Scene file cleaned successfully: /Users/dariuskashani/CodeProjects/ai_tutor/output/scenes/scene_0.py
2025-03-14 14:38:33,095 - src.backend.manim_generator - INFO - Cleaning scene file: /Users/dariuskashani/CodeProjects/ai_tutor/output/scenes/scene_1.py
2025-03-14 14:38:33,095 - src.backend.manim_generator - INFO - Scene file cleaned successfully: /Users/dariuskashani/CodeProjects/ai_tutor/output/scenes/scene_1.py
2025-03-14 14:38:34,130 - src.backend.manim_generator - INFO - Cleaning scene file: /Users/dariuskashani/CodeProjects/ai_tutor/output/scenes/scene_2.py
2025-03-14 14:38:34,131 - src.backend.manim_generator - INFO - Scene file cleaned successfully: /Users/dariuskashani/CodeProjects/ai_tutor/output/scenes/scene_2.py
2025-03-14 14:47:11,813 - src.backend.manim_generator - INFO - Loading Manim knowledge from: /Users/dariuskashani/CodeProjects/ai_tutor/stored_data/manim_knowledge.txt
2025-03-14 14:47:11,814 - src.backend.manim_generator - INFO - Loaded 728 bytes of knowledge
2025-03-14 14:47:12,028 - src.backend.manim_generator - INFO - Generating Manim code for scene: Start with a title screen showing "Simple Addition...
2025-03-14 14:47:12,028 - src.backend.manim_generator - INFO - Dry run mode - returning fallback code
2025-03-14 14:47:12,028 - src.backend.manim_generator - INFO - Using fallback code generation due to API error
2025-03-14 14:47:12,029 - src.backend.manim_generator - INFO - Generating Manim code for scene: Show a detailed diagram and explanation of the con...
2025-03-14 14:47:12,029 - src.backend.manim_generator - INFO - Dry run mode - returning fallback code
2025-03-14 14:47:12,029 - src.backend.manim_generator - INFO - Using fallback code generation due to API error
2025-03-14 14:47:12,789 - src.backend.manim_generator - INFO - Manim import successful
2025-03-14 14:47:12,790 - src.backend.manim_generator - INFO - Cleaning scene file: /Users/dariuskashani/CodeProjects/ai_tutor/output/scenes/scene_0.py
2025-03-14 14:47:12,791 - src.backend.manim_generator - INFO - Scene file cleaned successfully: /Users/dariuskashani/CodeProjects/ai_tutor/output/scenes/scene_0.py
2025-03-14 14:47:13,263 - src.backend.manim_generator - INFO - Cleaning scene file: /Users/dariuskashani/CodeProjects/ai_tutor/output/scenes/scene_1.py
2025-03-14 14:47:13,263 - src.backend.manim_generator - INFO - Scene file cleaned successfully: /Users/dariuskashani/CodeProjects/ai_tutor/output/scenes/scene_1.py
2025-03-14 14:50:00,983 - src.backend.manim_generator - INFO - Loading Manim knowledge from: /Users/dariuskashani/CodeProjects/ai_tutor/stored_data/manim_knowledge.txt
2025-03-14 14:50:00,984 - src.backend.manim_generator - INFO - Loaded 728 bytes of knowledge
2025-03-14 14:50:01,190 - src.backend.manim_generator - INFO - Generating Manim code for scene: Start with a title screen showing "Simple Addition...
2025-03-14 14:50:01,190 - src.backend.manim_generator - INFO - Dry run mode - returning fallback code
2025-03-14 14:50:01,190 - src.backend.manim_generator - INFO - Using fallback code generation due to API error
2025-03-14 14:50:01,190 - src.backend.manim_generator - INFO - Generating Manim code for scene: Show a detailed diagram and explanation of the con...
2025-03-14 14:50:01,190 - src.backend.manim_generator - INFO - Dry run mode - returning fallback code
2025-03-14 14:50:01,190 - src.backend.manim_generator - INFO - Using fallback code generation due to API error
2025-03-14 14:50:02,153 - src.backend.manim_generator - INFO - Manim import successful
2025-03-14 14:50:02,154 - src.backend.manim_generator - INFO - Cleaning scene file: /Users/dariuskashani/CodeProjects/ai_tutor/output/scenes/scene_0.py
2025-03-14 14:50:02,154 - src.backend.manim_generator - INFO - Scene file cleaned successfully: /Users/dariuskashani/CodeProjects/ai_tutor/output/scenes/scene_0.py
2025-03-14 14:50:05,760 - src.backend.manim_generator - INFO - Cleaning scene file: /Users/dariuskashani/CodeProjects/ai_tutor/output/scenes/scene_1.py
2025-03-14 14:50:05,760 - src.backend.manim_generator - INFO - Scene file cleaned successfully: /Users/dariuskashani/CodeProjects/ai_tutor/output/scenes/scene_1.py
2025-03-14 15:01:24,558 - src.backend.manim_generator - INFO - Loading Manim knowledge from: /Users/dariuskashani/CodeProjects/ai_tutor/stored_data/manim_knowledge.txt
2025-03-14 15:01:24,558 - src.backend.manim_generator - INFO - Loaded 728 bytes of knowledge
2025-03-14 15:01:24,757 - src.backend.manim_generator - INFO - Generating Manim code for scene: Start with a title screen showing "Simple Addition...
2025-03-14 15:01:24,757 - src.backend.manim_generator - INFO - Dry run mode - returning fallback code
2025-03-14 15:01:24,757 - src.backend.manim_generator - INFO - Using fallback code generation due to API error
2025-03-14 15:01:24,757 - src.backend.manim_generator - INFO - Generating Manim code for scene: Show a detailed diagram and explanation of the con...
2025-03-14 15:01:24,757 - src.backend.manim_generator - INFO - Dry run mode - returning fallback code
2025-03-14 15:01:24,757 - src.backend.manim_generator - INFO - Using fallback code generation due to API error
2025-03-14 15:01:25,498 - src.backend.manim_generator - INFO - Manim import successful
2025-03-14 15:01:25,499 - src.backend.manim_generator - INFO - Cleaning scene file: /Users/dariuskashani/CodeProjects/ai_tutor/output/scenes/scene_0.py
2025-03-14 15:01:25,499 - src.backend.manim_generator - INFO - Scene file cleaned successfully: /Users/dariuskashani/CodeProjects/ai_tutor/output/scenes/scene_0.py
2025-03-14 15:01:29,228 - src.backend.manim_generator - INFO - Cleaning scene file: /Users/dariuskashani/CodeProjects/ai_tutor/output/scenes/scene_1.py
2025-03-14 15:01:29,228 - src.backend.manim_generator - INFO - Scene file cleaned successfully: /Users/dariuskashani/CodeProjects/ai_tutor/output/scenes/scene_1.py
2025-03-14 15:08:47,864 - src.backend.manim_generator - INFO - Loading Manim knowledge from: /Users/dariuskashani/CodeProjects/ai_tutor/stored_data/manim_knowledge.txt
2025-03-14 15:08:47,864 - src.backend.manim_generator - INFO - Loaded 728 bytes of knowledge
2025-03-14 15:08:48,070 - src.backend.manim_generator - INFO - Generating Manim code for scene: Start with a title screen showing "Simple Addition...
2025-03-14 15:08:48,070 - src.backend.manim_generator - INFO - Dry run mode - returning fallback code
2025-03-14 15:08:48,070 - src.backend.manim_generator - INFO - Using fallback code generation due to API error
2025-03-14 15:08:48,071 - src.backend.manim_generator - INFO - Generating Manim code for scene: Show a detailed diagram and explanation of the con...
2025-03-14 15:08:48,071 - src.backend.manim_generator - INFO - Dry run mode - returning fallback code
2025-03-14 15:08:48,071 - src.backend.manim_generator - INFO - Using fallback code generation due to API error
2025-03-14 15:08:48,784 - src.backend.manim_generator - INFO - Manim import successful
2025-03-14 15:08:48,784 - src.backend.manim_generator - INFO - Cleaning scene file: /Users/dariuskashani/CodeProjects/ai_tutor/output/scenes/scene_0.py
2025-03-14 15:08:48,785 - src.backend.manim_generator - INFO - Scene file cleaned successfully: /Users/dariuskashani/CodeProjects/ai_tutor/output/scenes/scene_0.py
2025-03-14 15:08:51,866 - src.backend.manim_generator - INFO - Cleaning scene file: /Users/dariuskashani/CodeProjects/ai_tutor/output/scenes/scene_1.py
2025-03-14 15:08:51,866 - src.backend.manim_generator - INFO - Scene file cleaned successfully: /Users/dariuskashani/CodeProjects/ai_tutor/output/scenes/scene_1.py
2025-03-14 15:11:10,320 - src.backend.manim_generator - INFO - Loading Manim knowledge from: /Users/dariuskashani/CodeProjects/ai_tutor/stored_data/manim_knowledge.txt
2025-03-14 15:11:10,321 - src.backend.manim_generator - INFO - Loaded 728 bytes of knowledge
2025-03-14 15:11:10,521 - src.backend.manim_generator - INFO - Generating Manim code for scene: Start with a title screen showing "Simple Addition...
2025-03-14 15:11:10,521 - src.backend.manim_generator - INFO - Dry run mode - returning fallback code
2025-03-14 15:11:10,521 - src.backend.manim_generator - INFO - Using fallback code generation due to API error
2025-03-14 15:11:10,522 - src.backend.manim_generator - INFO - Generating Manim code for scene: Show a detailed diagram and explanation of the con...
2025-03-14 15:11:10,522 - src.backend.manim_generator - INFO - Dry run mode - returning fallback code
2025-03-14 15:11:10,522 - src.backend.manim_generator - INFO - Using fallback code generation due to API error
2025-03-14 15:11:11,211 - src.backend.manim_generator - INFO - Manim import successful
2025-03-14 15:11:11,212 - src.backend.manim_generator - INFO - Cleaning scene file: /Users/dariuskashani/CodeProjects/ai_tutor/output/scenes/scene_0.py
2025-03-14 15:11:11,212 - src.backend.manim_generator - INFO - Scene file cleaned successfully: /Users/dariuskashani/CodeProjects/ai_tutor/output/scenes/scene_0.py
2025-03-14 15:11:14,612 - src.backend.manim_generator - INFO - Cleaning scene file: /Users/dariuskashani/CodeProjects/ai_tutor/output/scenes/scene_1.py
2025-03-14 15:11:14,612 - src.backend.manim_generator - INFO - Scene file cleaned successfully: /Users/dariuskashani/CodeProjects/ai_tutor/output/scenes/scene_1.py
2025-03-14 15:15:58,856 - src.backend.manim_generator - INFO - Loading Manim knowledge from: /Users/dariuskashani/CodeProjects/ai_tutor/stored_data/manim_knowledge.txt
2025-03-14 15:15:58,856 - src.backend.manim_generator - INFO - Loaded 728 bytes of knowledge
2025-03-14 15:15:59,647 - src.backend.manim_generator - INFO - Manim import successful
2025-03-14 16:05:22,304 - src.backend.manim_generator - INFO - Loading Manim knowledge from: /Users/dariuskashani/CodeProjects/ai_tutor/stored_data/manim_knowledge.txt
2025-03-14 16:05:22,305 - src.backend.manim_generator - INFO - Loaded 728 bytes of knowledge
2025-03-14 16:05:22,514 - src.backend.manim_generator - INFO - Generating Manim code for scene: Start with a title screen showing "Simple Addition...
2025-03-14 16:05:22,514 - src.backend.manim_generator - INFO - Dry run mode - returning fallback code
2025-03-14 16:05:22,514 - src.backend.manim_generator - INFO - Using fallback code generation due to API error
2025-03-14 16:05:22,515 - src.backend.manim_generator - INFO - Generating Manim code for scene: Show a detailed diagram and explanation of the con...
2025-03-14 16:05:22,515 - src.backend.manim_generator - INFO - Dry run mode - returning fallback code
2025-03-14 16:05:22,515 - src.backend.manim_generator - INFO - Using fallback code generation due to API error
2025-03-14 16:05:23,266 - src.backend.manim_generator - INFO - Manim import successful
2025-03-14 16:05:23,267 - src.backend.manim_generator - INFO - Cleaning scene file: /Users/dariuskashani/CodeProjects/ai_tutor/output/scenes/scene_0.py
2025-03-14 16:05:23,267 - src.backend.manim_generator - INFO - Scene file cleaned successfully: /Users/dariuskashani/CodeProjects/ai_tutor/output/scenes/scene_0.py
2025-03-14 16:05:25,912 - src.backend.manim_generator - INFO - Cleaning scene file: /Users/dariuskashani/CodeProjects/ai_tutor/output/scenes/scene_1.py
2025-03-14 16:05:25,912 - src.backend.manim_generator - INFO - Scene file cleaned successfully: /Users/dariuskashani/CodeProjects/ai_tutor/output/scenes/scene_1.py
2025-03-14 16:15:32,456 - src.backend.manim_generator - INFO - Loading Manim knowledge from: /Users/dariuskashani/CodeProjects/ai_tutor/stored_data/manim_knowledge.txt
2025-03-14 16:15:32,456 - src.backend.manim_generator - INFO - Loaded 728 bytes of knowledge
2025-03-14 16:15:32,666 - src.backend.manim_generator - INFO - Generating Manim code for scene: Start with a title screen showing "Simple Addition...
2025-03-14 16:15:32,666 - src.backend.manim_generator - INFO - Dry run mode - returning fallback code
2025-03-14 16:15:32,666 - src.backend.manim_generator - INFO - Using fallback code generation due to API error
2025-03-14 16:15:32,666 - src.backend.manim_generator - INFO - Generating Manim code for scene: Show a detailed diagram and explanation of the con...
2025-03-14 16:15:32,666 - src.backend.manim_generator - INFO - Dry run mode - returning fallback code
2025-03-14 16:15:32,666 - src.backend.manim_generator - INFO - Using fallback code generation due to API error
2025-03-14 16:15:33,381 - src.backend.manim_generator - INFO - Manim import successful
2025-03-14 16:15:33,382 - src.backend.manim_generator - INFO - Cleaning scene file: /Users/dariuskashani/CodeProjects/ai_tutor/output/scenes/scene_0.py
2025-03-14 16:15:33,383 - src.backend.manim_generator - INFO - Scene file cleaned successfully: /Users/dariuskashani/CodeProjects/ai_tutor/output/scenes/scene_0.py
2025-03-14 16:15:36,523 - src.backend.manim_generator - INFO - Cleaning scene file: /Users/dariuskashani/CodeProjects/ai_tutor/output/scenes/scene_1.py
2025-03-14 16:15:36,523 - src.backend.manim_generator - INFO - Scene file cleaned successfully: /Users/dariuskashani/CodeProjects/ai_tutor/output/scenes/scene_1.py
2025-03-14 16:16:16,607 - src.backend.manim_generator - INFO - Loading Manim knowledge from: /Users/dariuskashani/CodeProjects/ai_tutor/stored_data/manim_knowledge.txt
2025-03-14 16:16:16,608 - src.backend.manim_generator - INFO - Loaded 728 bytes of knowledge
2025-03-14 16:16:16,824 - src.backend.manim_generator - INFO - Generating Manim code for scene: Start with a title screen showing "Simple Addition...
2025-03-14 16:16:16,824 - src.backend.manim_generator - INFO - Dry run mode - returning fallback code
2025-03-14 16:16:16,824 - src.backend.manim_generator - INFO - Using fallback code generation due to API error
2025-03-14 16:16:16,824 - src.backend.manim_generator - INFO - Generating Manim code for scene: Show a detailed diagram and explanation of the con...
2025-03-14 16:16:16,824 - src.backend.manim_generator - INFO - Dry run mode - returning fallback code
2025-03-14 16:16:16,824 - src.backend.manim_generator - INFO - Using fallback code generation due to API error
2025-03-14 16:16:17,560 - src.backend.manim_generator - INFO - Manim import successful
2025-03-14 16:16:17,560 - src.backend.manim_generator - INFO - Cleaning scene file: /Users/dariuskashani/CodeProjects/ai_tutor/output/scenes/scene_0.py
2025-03-14 16:16:17,560 - src.backend.manim_generator - INFO - Scene file cleaned successfully: /Users/dariuskashani/CodeProjects/ai_tutor/output/scenes/scene_0.py
2025-03-14 16:16:20,661 - src.backend.manim_generator - INFO - Cleaning scene file: /Users/dariuskashani/CodeProjects/ai_tutor/output/scenes/scene_1.py
2025-03-14 16:16:20,661 - src.backend.manim_generator - INFO - Scene file cleaned successfully: /Users/dariuskashani/CodeProjects/ai_tutor/output/scenes/scene_1.py
2025-03-14 16:21:01,523 - src.backend.manim_generator - INFO - Loading Manim knowledge from: /Users/dariuskashani/CodeProjects/ai_tutor/stored_data/manim_knowledge.txt
2025-03-14 16:21:01,524 - src.backend.manim_generator - INFO - Loaded 728 bytes of knowledge
2025-03-14 16:21:19,463 - src.backend.manim_generator - INFO - Generating Manim code for scene: [00:03] Let's start with a colorful title screen t...
2025-03-14 16:21:36,731 - src.backend.manim_generator - INFO - Received response (2095 characters)
2025-03-14 16:21:36,731 - src.backend.manim_generator - INFO - Cleaning API response code
2025-03-14 16:21:36,731 - src.backend.manim_generator - INFO - Found code blocks in API response
2025-03-14 16:21:36,732 - src.backend.manim_generator - INFO - Generated Manim code successfully (2081 characters)
2025-03-14 16:21:36,732 - src.backend.manim_generator - INFO - Generating Manim code for scene: [00:38] Draw five blue balloons in the sky at 0:40...
2025-03-14 16:21:56,141 - src.backend.manim_generator - INFO - Received response (2249 characters)
2025-03-14 16:21:56,142 - src.backend.manim_generator - INFO - Cleaning API response code
2025-03-14 16:21:56,142 - src.backend.manim_generator - INFO - Found code blocks in API response
2025-03-14 16:21:56,142 - src.backend.manim_generator - INFO - Generated Manim code successfully (1996 characters)
2025-03-14 16:21:56,143 - src.backend.manim_generator - INFO - Generating Manim code for scene: [01:03] Show a child with two candy bars at 1:05. ...
2025-03-14 16:22:11,661 - src.backend.manim_generator - INFO - Received response (2396 characters)
2025-03-14 16:22:11,661 - src.backend.manim_generator - INFO - Cleaning API response code
2025-03-14 16:22:11,662 - src.backend.manim_generator - INFO - Found code blocks in API response
2025-03-14 16:22:11,662 - src.backend.manim_generator - INFO - Generated Manim code successfully (2382 characters)
2025-03-14 16:22:12,412 - src.backend.manim_generator - INFO - Manim import successful
2025-03-14 16:22:12,413 - src.backend.manim_generator - INFO - Cleaning scene file: /Users/dariuskashani/CodeProjects/ai_tutor/output/scenes/scene_0.py
2025-03-14 16:22:12,413 - src.backend.manim_generator - INFO - Scene file cleaned successfully: /Users/dariuskashani/CodeProjects/ai_tutor/output/scenes/scene_0.py
2025-03-14 16:22:13,825 - src.backend.manim_generator - INFO - Cleaning scene file: /Users/dariuskashani/CodeProjects/ai_tutor/output/scenes/scene_1.py
2025-03-14 16:22:13,826 - src.backend.manim_generator - INFO - Scene file cleaned successfully: /Users/dariuskashani/CodeProjects/ai_tutor/output/scenes/scene_1.py
2025-03-14 16:22:16,054 - src.backend.manim_generator - INFO - Cleaning scene file: /Users/dariuskashani/CodeProjects/ai_tutor/output/scenes/scene_2.py
2025-03-14 16:22:16,054 - src.backend.manim_generator - INFO - Scene file cleaned successfully: /Users/dariuskashani/CodeProjects/ai_tutor/output/scenes/scene_2.py
2025-03-14 16:28:42,206 - src.backend.manim_generator - INFO - Loading Manim knowledge from: /Users/dariuskashani/CodeProjects/ai_tutor/stored_data/manim_knowledge.txt
2025-03-14 16:28:42,207 - src.backend.manim_generator - INFO - Loaded 728 bytes of knowledge
2025-03-14 16:28:42,207 - src.backend.manim_generator - INFO - Generating Manim code for scene: Create a simple scene with a blue circle that tran...
2025-03-14 16:28:42,207 - src.backend.manim_generator - WARNING - No timing instructions found; using basic animation template.
2025-03-14 16:28:46,871 - src.backend.manim_generator - INFO - Received response (676 characters)
2025-03-14 16:28:46,872 - src.backend.manim_generator - INFO - Cleaning API response code
2025-03-14 16:28:46,872 - src.backend.manim_generator - INFO - Found code blocks in API response
2025-03-14 16:28:46,872 - src.backend.manim_generator - INFO - Generated Manim code successfully (662 characters)
2025-03-14 16:29:12,714 - src.backend.manim_generator - INFO - Loading Manim knowledge from: /Users/dariuskashani/CodeProjects/ai_tutor/stored_data/manim_knowledge.txt
2025-03-14 16:29:12,714 - src.backend.manim_generator - INFO - Loaded 728 bytes of knowledge
2025-03-14 16:29:23,468 - src.backend.manim_generator - INFO - Loading Manim knowledge from: /Users/dariuskashani/CodeProjects/ai_tutor/stored_data/manim_knowledge.txt
2025-03-14 16:29:23,468 - src.backend.manim_generator - INFO - Loaded 728 bytes of knowledge
2025-03-14 16:29:23,636 - src.backend.manim_generator - INFO - Generating Manim code for scene: Start with a title screen showing "Simple Circle A...
2025-03-14 16:29:23,636 - src.backend.manim_generator - INFO - Dry run mode - returning fallback code
2025-03-14 16:29:23,636 - src.backend.manim_generator - INFO - Using fallback code generation due to API error
2025-03-14 16:29:23,636 - src.backend.manim_generator - INFO - Generating Manim code for scene: Show a detailed diagram and explanation of the con...
2025-03-14 16:29:23,636 - src.backend.manim_generator - INFO - Dry run mode - returning fallback code
2025-03-14 16:29:23,636 - src.backend.manim_generator - INFO - Using fallback code generation due to API error
2025-03-14 16:29:24,393 - src.backend.manim_generator - INFO - Manim import successful
2025-03-14 16:29:24,393 - src.backend.manim_generator - INFO - Cleaning scene file: /Users/dariuskashani/CodeProjects/ai_tutor/output/scenes/scene_0.py
2025-03-14 16:29:24,394 - src.backend.manim_generator - INFO - Scene file cleaned successfully: /Users/dariuskashani/CodeProjects/ai_tutor/output/scenes/scene_0.py
2025-03-14 16:29:27,859 - src.backend.manim_generator - INFO - Cleaning scene file: /Users/dariuskashani/CodeProjects/ai_tutor/output/scenes/scene_1.py
2025-03-14 16:29:27,859 - src.backend.manim_generator - INFO - Scene file cleaned successfully: /Users/dariuskashani/CodeProjects/ai_tutor/output/scenes/scene_1.py
2025-03-14 16:30:48,854 - src.backend.manim_generator - INFO - Loading Manim knowledge from: /Users/dariuskashani/CodeProjects/ai_tutor/stored_data/manim_knowledge.txt
2025-03-14 16:30:48,854 - src.backend.manim_generator - INFO - Loaded 728 bytes of knowledge
2025-03-14 16:30:49,050 - src.backend.manim_generator - INFO - Generating Manim code for scene: Start with a title screen showing "Simple Triangle...
2025-03-14 16:30:49,050 - src.backend.manim_generator - INFO - Dry run mode - returning fallback code
2025-03-14 16:30:49,050 - src.backend.manim_generator - INFO - Using fallback code generation due to API error
2025-03-14 16:30:49,050 - src.backend.manim_generator - INFO - Generating Manim code for scene: Show a detailed diagram and explanation of the con...
2025-03-14 16:30:49,050 - src.backend.manim_generator - INFO - Dry run mode - returning fallback code
2025-03-14 16:30:49,050 - src.backend.manim_generator - INFO - Using fallback code generation due to API error
2025-03-14 16:30:49,856 - src.backend.manim_generator - INFO - Manim import successful
2025-03-14 16:30:49,856 - src.backend.manim_generator - INFO - Cleaning scene file: /Users/dariuskashani/CodeProjects/ai_tutor/output/scenes/scene_0.py
2025-03-14 16:30:49,857 - src.backend.manim_generator - INFO - Scene file cleaned successfully: /Users/dariuskashani/CodeProjects/ai_tutor/output/scenes/scene_0.py
2025-03-14 16:30:53,107 - src.backend.manim_generator - INFO - Cleaning scene file: /Users/dariuskashani/CodeProjects/ai_tutor/output/scenes/scene_1.py
2025-03-14 16:30:53,108 - src.backend.manim_generator - INFO - Scene file cleaned successfully: /Users/dariuskashani/CodeProjects/ai_tutor/output/scenes/scene_1.py
2025-03-14 16:34:10,437 - src.backend.manim_generator - INFO - Loading Manim knowledge from: /Users/dariuskashani/CodeProjects/ai_tutor/stored_data/manim_knowledge.txt
2025-03-14 16:34:10,438 - src.backend.manim_generator - INFO - Loaded 728 bytes of knowledge
2025-03-14 16:34:24,977 - src.backend.manim_generator - INFO - Generating Manim code for scene: [00:03] "First, let's visualize what a Simple Tria...
2025-03-14 16:34:35,369 - src.backend.manim_generator - INFO - Received response (1370 characters)
2025-03-14 16:34:35,369 - src.backend.manim_generator - INFO - Cleaning API response code
2025-03-14 16:34:35,370 - src.backend.manim_generator - INFO - Found code blocks in API response
2025-03-14 16:34:35,370 - src.backend.manim_generator - INFO - Generated Manim code successfully (1356 characters)
2025-03-14 16:34:35,371 - src.backend.manim_generator - INFO - Generating Manim code for scene: [00:30] "Now let's look at a real-world applicatio...
2025-03-14 16:34:48,205 - src.backend.manim_generator - INFO - Received response (1922 characters)
2025-03-14 16:34:48,205 - src.backend.manim_generator - INFO - Cleaning API response code
2025-03-14 16:34:48,205 - src.backend.manim_generator - INFO - Found code blocks in API response
2025-03-14 16:34:48,205 - src.backend.manim_generator - INFO - Generated Manim code successfully (1908 characters)
2025-03-14 16:34:48,206 - src.backend.manim_generator - INFO - Generating Manim code for scene: [00:55] "Let's recap." A triangle reappears on scr...
2025-03-14 16:34:59,894 - src.backend.manim_generator - INFO - Received response (1544 characters)
2025-03-14 16:34:59,894 - src.backend.manim_generator - INFO - Cleaning API response code
2025-03-14 16:34:59,894 - src.backend.manim_generator - INFO - Found code blocks in API response
2025-03-14 16:34:59,894 - src.backend.manim_generator - INFO - Generated Manim code successfully (1307 characters)
2025-03-14 16:35:00,668 - src.backend.manim_generator - INFO - Manim import successful
2025-03-14 16:35:00,669 - src.backend.manim_generator - INFO - Cleaning scene file: /Users/dariuskashani/CodeProjects/ai_tutor/output/scenes/scene_0.py
2025-03-14 16:35:00,669 - src.backend.manim_generator - INFO - Scene file cleaned successfully: /Users/dariuskashani/CodeProjects/ai_tutor/output/scenes/scene_0.py
2025-03-14 16:35:01,826 - src.backend.manim_generator - INFO - Cleaning scene file: /Users/dariuskashani/CodeProjects/ai_tutor/output/scenes/scene_1.py
2025-03-14 16:35:01,826 - src.backend.manim_generator - INFO - Scene file cleaned successfully: /Users/dariuskashani/CodeProjects/ai_tutor/output/scenes/scene_1.py
2025-03-14 16:35:04,456 - src.backend.manim_generator - INFO - Cleaning scene file: /Users/dariuskashani/CodeProjects/ai_tutor/output/scenes/scene_2.py
2025-03-14 16:35:04,456 - src.backend.manim_generator - INFO - Scene file cleaned successfully: /Users/dariuskashani/CodeProjects/ai_tutor/output/scenes/scene_2.py
2025-03-14 17:02:59,501 - src.backend.manim_generator - INFO - Loading Manim knowledge from: /Users/dariuskashani/CodeProjects/ai_tutor/stored_data/manim_knowledge.txt
2025-03-14 17:02:59,502 - src.backend.manim_generator - INFO - Loaded 728 bytes of knowledge
2025-03-14 17:03:15,682 - src.backend.manim_generator - INFO - Generating Manim code for scene 0: [0:02] Let's start with a light-colored screen dis...
2025-03-14 17:03:15,682 - src.backend.manim_generator - INFO - Using generative-manim approach for code generation
2025-03-14 17:03:32,992 - src.backend.manim_generator - INFO - Generating Manim code for scene 1: [0:38] Let's visualize a real-world application. A...
2025-03-14 17:03:32,992 - src.backend.manim_generator - INFO - Using generative-manim approach for code generation
2025-03-14 17:03:50,795 - src.backend.manim_generator - INFO - Generating Manim code for scene 2: [0:59] Finally, the screen fades into a montage of...
2025-03-14 17:03:50,795 - src.backend.manim_generator - INFO - Using generative-manim approach for code generation
2025-03-14 17:04:01,802 - src.backend.manim_generator - INFO - Manim import successful
2025-03-14 17:04:01,802 - src.backend.manim_generator - INFO - Cleaning scene file: /Users/dariuskashani/CodeProjects/ai_tutor/output/scenes/scene_0.py
2025-03-14 17:04:01,803 - src.backend.manim_generator - INFO - Scene file cleaned successfully: /Users/dariuskashani/CodeProjects/ai_tutor/output/scenes/scene_0.py
2025-03-14 17:04:03,702 - src.backend.manim_generator - INFO - Cleaning scene file: /Users/dariuskashani/CodeProjects/ai_tutor/output/scenes/scene_1.py
2025-03-14 17:04:03,703 - src.backend.manim_generator - INFO - Scene file cleaned successfully: /Users/dariuskashani/CodeProjects/ai_tutor/output/scenes/scene_1.py
2025-03-14 17:04:06,173 - src.backend.manim_generator - INFO - Cleaning scene file: /Users/dariuskashani/CodeProjects/ai_tutor/output/scenes/scene_2.py
2025-03-14 17:04:06,173 - src.backend.manim_generator - INFO - Scene file cleaned successfully: /Users/dariuskashani/CodeProjects/ai_tutor/output/scenes/scene_2.py
2025-03-14 17:05:41,089 - src.backend.manim_generator - INFO - Loading Manim knowledge from: /Users/dariuskashani/CodeProjects/ai_tutor/stored_data/manim_knowledge.txt
2025-03-14 17:05:41,089 - src.backend.manim_generator - INFO - Loaded 728 bytes of knowledge
2025-03-14 17:05:56,978 - src.backend.manim_generator - INFO - Generating Manim code for scene 0: [0:00] "Welcome to our session on Simple Triangles...
2025-03-14 17:05:56,979 - src.backend.manim_generator - INFO - Using generative-manim approach for code generation
2025-03-14 17:06:07,154 - src.backend.manim_generator - INFO - Generating Manim code for scene 1: [0:22] Draw the scene of a mountain with a flag at...
2025-03-14 17:06:07,154 - src.backend.manim_generator - INFO - Using generative-manim approach for code generation
2025-03-14 17:06:20,307 - src.backend.manim_generator - INFO - Generating Manim code for scene 2: [0:45] "So, triangles are everywhere around us. Th...
2025-03-14 17:06:20,307 - src.backend.manim_generator - INFO - Using generative-manim approach for code generation
2025-03-14 17:06:33,507 - src.backend.manim_generator - INFO - Manim import successful
2025-03-14 17:06:33,508 - src.backend.manim_generator - INFO - Cleaning scene file: /Users/dariuskashani/CodeProjects/ai_tutor/output/scenes/scene_0.py
2025-03-14 17:06:33,508 - src.backend.manim_generator - INFO - Scene file cleaned successfully: /Users/dariuskashani/CodeProjects/ai_tutor/output/scenes/scene_0.py
2025-03-14 17:06:41,986 - src.backend.manim_generator - INFO - Cleaning scene file: /Users/dariuskashani/CodeProjects/ai_tutor/output/scenes/scene_1.py
2025-03-14 17:06:41,986 - src.backend.manim_generator - INFO - Scene file cleaned successfully: /Users/dariuskashani/CodeProjects/ai_tutor/output/scenes/scene_1.py
2025-03-14 17:06:43,442 - src.backend.manim_generator - INFO - Cleaning scene file: /Users/dariuskashani/CodeProjects/ai_tutor/output/scenes/scene_2.py
2025-03-14 17:06:43,442 - src.backend.manim_generator - INFO - Scene file cleaned successfully: /Users/dariuskashani/CodeProjects/ai_tutor/output/scenes/scene_2.py
2025-03-14 17:07:48,974 - src.backend.manim_generator - INFO - Loading Manim knowledge from: /Users/dariuskashani/CodeProjects/ai_tutor/stored_data/manim_knowledge.txt
2025-03-14 17:07:48,974 - src.backend.manim_generator - INFO - Loaded 728 bytes of knowledge
2025-03-14 17:08:13,993 - src.backend.manim_generator - INFO - Generating Manim code for scene 0: [00:02] Our screen shows a title "Simple Triangle"...
2025-03-14 17:08:13,993 - src.backend.manim_generator - INFO - Using generative-manim approach for code generation
2025-03-14 17:08:26,418 - src.backend.manim_generator - INFO - Generating Manim code for scene 1: [00:22] On the same canvas, a new triangle takes s...
2025-03-14 17:08:26,418 - src.backend.manim_generator - INFO - Using generative-manim approach for code generation
2025-03-14 17:08:40,913 - src.backend.manim_generator - INFO - Generating Manim code for scene 2: [00:42] A real-life scenario unfolds: a ladder lea...
2025-03-14 17:08:40,913 - src.backend.manim_generator - INFO - Using generative-manim approach for code generation
2025-03-14 17:08:56,984 - src.backend.manim_generator - INFO - Manim import successful
2025-03-14 17:08:56,984 - src.backend.manim_generator - INFO - Cleaning scene file: /Users/dariuskashani/CodeProjects/ai_tutor/output/scenes/scene_0.py
2025-03-14 17:08:56,985 - src.backend.manim_generator - INFO - Scene file cleaned successfully: /Users/dariuskashani/CodeProjects/ai_tutor/output/scenes/scene_0.py
2025-03-14 17:09:00,155 - src.backend.manim_generator - INFO - Cleaning scene file: /Users/dariuskashani/CodeProjects/ai_tutor/output/scenes/scene_1.py
2025-03-14 17:09:00,155 - src.backend.manim_generator - INFO - Scene file cleaned successfully: /Users/dariuskashani/CodeProjects/ai_tutor/output/scenes/scene_1.py
2025-03-14 17:09:03,746 - src.backend.manim_generator - INFO - Cleaning scene file: /Users/dariuskashani/CodeProjects/ai_tutor/output/scenes/scene_2.py
2025-03-14 17:09:03,746 - src.backend.manim_generator - INFO - Scene file cleaned successfully: /Users/dariuskashani/CodeProjects/ai_tutor/output/scenes/scene_2.py
2025-03-14 17:21:00,312 - src.backend.manim_generator - INFO - Loading Manim knowledge from: /Users/dariuskashani/CodeProjects/ai_tutor/stored_data/manim_knowledge.txt
2025-03-14 17:21:00,312 - src.backend.manim_generator - INFO - Loaded 728 bytes of knowledge
2025-03-14 17:21:00,825 - src.backend.manim_generator - INFO - Loading Manim knowledge from: /Users/dariuskashani/CodeProjects/ai_tutor/stored_data/manim_knowledge.txt
2025-03-14 17:21:00,825 - src.backend.manim_generator - INFO - Loaded 728 bytes of knowledge
2025-03-14 17:22:33,840 - src.backend.manim_generator - INFO - Generating Manim code for scene 0: [00:05] Begin with a title screen displaying "Simp...
2025-03-14 17:22:33,841 - src.backend.manim_generator - INFO - Using generative-manim approach for code generation
2025-03-14 17:22:55,298 - src.backend.manim_generator - INFO - Generating Manim code for scene 1: [00:45] Fade out the previous scene and bring in a...
2025-03-14 17:22:55,298 - src.backend.manim_generator - INFO - Using generative-manim approach for code generation
2025-03-14 17:22:55,830 - src.backend.manim_generator - INFO - Loading Manim knowledge from: /Users/dariuskashani/CodeProjects/ai_tutor/stored_data/manim_knowledge.txt
2025-03-14 17:22:55,830 - src.backend.manim_generator - INFO - Loaded 728 bytes of knowledge
2025-03-14 17:23:15,062 - src.backend.manim_generator - INFO - Generating Manim code for scene 0: [00:05] The scene opens with a title "Simple Trian...
2025-03-14 17:23:15,063 - src.backend.manim_generator - INFO - Using generative-manim approach for code generation
2025-03-14 17:23:26,102 - src.backend.manim_generator - INFO - Generating Manim code for scene 1: [00:55] A new scene begins with a bold title "Isos...
2025-03-14 17:23:26,102 - src.backend.manim_generator - INFO - Using generative-manim approach for code generation
2025-03-14 17:23:27,138 - src.backend.manim_generator - INFO - Loading Manim knowledge from: /Users/dariuskashani/CodeProjects/ai_tutor/stored_data/manim_knowledge.txt
2025-03-14 17:23:27,138 - src.backend.manim_generator - INFO - Loaded 728 bytes of knowledge
2025-03-14 17:25:49,175 - src.backend.manim_generator - INFO - Loading Manim knowledge from: /Users/dariuskashani/CodeProjects/ai_tutor/stored_data/manim_knowledge.txt
2025-03-14 17:25:49,175 - src.backend.manim_generator - INFO - Loaded 728 bytes of knowledge
2025-03-14 17:26:08,189 - src.backend.manim_generator - INFO - Loading Manim knowledge from: /Users/dariuskashani/CodeProjects/ai_tutor/stored_data/manim_knowledge.txt
2025-03-14 17:26:08,189 - src.backend.manim_generator - INFO - Loaded 728 bytes of knowledge
2025-03-14 17:27:46,036 - src.backend.manim_generator - INFO - Generating Manim code for scene 0: [00:05] Let's start with a clear and straightforwa...
2025-03-14 17:27:46,036 - src.backend.manim_generator - INFO - Using generative-manim approach for code generation
2025-03-14 17:28:01,693 - src.backend.manim_generator - INFO - Generating Manim code for scene 1: [00:50] Let's illustrate one of these applications...
2025-03-14 17:28:01,693 - src.backend.manim_generator - INFO - Using generative-manim approach for code generation
2025-03-14 17:28:02,829 - src.backend.manim_generator - INFO - Loading Manim knowledge from: /Users/dariuskashani/CodeProjects/ai_tutor/stored_data/manim_knowledge.txt
2025-03-14 17:28:02,829 - src.backend.manim_generator - INFO - Loaded 728 bytes of knowledge
2025-03-14 17:29:25,674 - src.backend.manim_generator - INFO - Loading Manim knowledge from: /Users/dariuskashani/CodeProjects/ai_tutor/stored_data/manim_knowledge.txt
2025-03-14 17:29:25,674 - src.backend.manim_generator - INFO - Loaded 728 bytes of knowledge
2025-03-14 17:30:23,903 - src.backend.manim_generator - INFO - Generating Manim code for scene 0: [00:03] Open with a clean title card displaying "P...
2025-03-14 17:30:23,903 - src.backend.manim_generator - INFO - Using generative-manim approach for code generation
2025-03-14 17:30:41,469 - src.backend.manim_generator - INFO - Generating Manim code for scene 1: [01:03] Draw a physical scenario where a boat is m...
2025-03-14 17:30:41,469 - src.backend.manim_generator - INFO - Using generative-manim approach for code generation
2025-03-14 17:30:42,513 - src.backend.manim_generator - INFO - Loading Manim knowledge from: /Users/dariuskashani/CodeProjects/ai_tutor/stored_data/manim_knowledge.txt
2025-03-14 17:30:42,514 - src.backend.manim_generator - INFO - Loaded 728 bytes of knowledge
2025-03-14 17:31:02,625 - src.backend.manim_generator - INFO - Generating Manim code for scene 0: [00:05] Our exploration begins with an elegant tit...
2025-03-14 17:31:02,625 - src.backend.manim_generator - INFO - Using generative-manim approach for code generation
2025-03-14 17:31:19,299 - src.backend.manim_generator - INFO - Generating Manim code for scene 1: [01:05] Unveil an equation of a circle, x squared ...
2025-03-14 17:31:19,299 - src.backend.manim_generator - INFO - Using generative-manim approach for code generation
2025-03-14 17:31:20,056 - src.backend.manim_generator - INFO - Loading Manim knowledge from: /Users/dariuskashani/CodeProjects/ai_tutor/stored_data/manim_knowledge.txt
2025-03-14 17:31:20,056 - src.backend.manim_generator - INFO - Loaded 728 bytes of knowledge
2025-03-14 17:34:44,502 - src.backend.manim_generator - INFO - Loading Manim knowledge from: /Users/dariuskashani/CodeProjects/ai_tutor/stored_data/manim_knowledge.txt
2025-03-14 17:34:44,503 - src.backend.manim_generator - INFO - Loaded 728 bytes of knowledge
2025-03-14 17:34:45,015 - src.backend.manim_generator - INFO - Loading Manim knowledge from: /Users/dariuskashani/CodeProjects/ai_tutor/stored_data/manim_knowledge.txt
2025-03-14 17:34:45,015 - src.backend.manim_generator - INFO - Loaded 728 bytes of knowledge
2025-03-14 17:36:45,972 - src.backend.manim_generator - INFO - Generating Manim code for scene 0: Start with a title screen showing "Simple Triangle...
2025-03-14 17:36:45,972 - src.backend.manim_generator - INFO - Dry run mode - returning fallback code
2025-03-14 17:36:45,972 - src.backend.manim_generator - INFO - Using fallback code generation due to API error
2025-03-14 17:36:45,973 - src.backend.manim_generator - INFO - Generating Manim code for scene 1: Show a detailed diagram and explanation of the con...
2025-03-14 17:36:45,973 - src.backend.manim_generator - INFO - Dry run mode - returning fallback code
2025-03-14 17:36:45,973 - src.backend.manim_generator - INFO - Using fallback code generation due to API error
2025-03-14 17:36:46,641 - src.backend.manim_generator - INFO - Loading Manim knowledge from: /Users/dariuskashani/CodeProjects/ai_tutor/stored_data/manim_knowledge.txt
2025-03-14 17:36:46,641 - src.backend.manim_generator - INFO - Loaded 728 bytes of knowledge
2025-03-14 17:37:12,591 - src.backend.manim_generator - INFO - Loading Manim knowledge from: /Users/dariuskashani/CodeProjects/ai_tutor/stored_data/manim_knowledge.txt
2025-03-14 17:37:12,591 - src.backend.manim_generator - INFO - Loaded 728 bytes of knowledge
2025-03-14 17:40:00,006 - src.backend.manim_generator - INFO - Loading Manim knowledge from: /Users/dariuskashani/CodeProjects/ai_tutor/stored_data/manim_knowledge.txt
2025-03-14 17:40:00,006 - src.backend.manim_generator - INFO - Loaded 728 bytes of knowledge
2025-03-14 17:40:00,527 - src.backend.manim_generator - INFO - Loading Manim knowledge from: /Users/dariuskashani/CodeProjects/ai_tutor/stored_data/manim_knowledge.txt
2025-03-14 17:40:00,527 - src.backend.manim_generator - INFO - Loaded 728 bytes of knowledge
2025-03-14 17:40:56,478 - src.backend.manim_generator - INFO - Generating Manim code for scene 0: [00:00] Start with a title screen that reads "Simp...
2025-03-14 17:40:56,479 - src.backend.manim_generator - INFO - Using generative-manim approach for code generation
2025-03-14 17:41:15,139 - src.backend.manim_generator - INFO - Generating Manim code for scene 1: [00:36] Now, show a real-world example. [00:38] Dr...
2025-03-14 17:41:15,139 - src.backend.manim_generator - INFO - Using generative-manim approach for code generation
2025-03-14 17:41:16,365 - src.backend.manim_generator - INFO - Loading Manim knowledge from: /Users/dariuskashani/CodeProjects/ai_tutor/stored_data/manim_knowledge.txt
2025-03-14 17:41:16,366 - src.backend.manim_generator - INFO - Loaded 728 bytes of knowledge
2025-03-14 17:41:32,073 - src.backend.manim_generator - INFO - Generating Manim code for scene 0: [00:05] Our first scene begins with a title screen...
2025-03-14 17:41:32,073 - src.backend.manim_generator - INFO - Using generative-manim approach for code generation
2025-03-14 17:41:48,336 - src.backend.manim_generator - INFO - Generating Manim code for scene 1: [00:35] In our second scene, we illustrate the tri...
2025-03-14 17:41:48,336 - src.backend.manim_generator - INFO - Using generative-manim approach for code generation
2025-03-14 17:41:49,680 - src.backend.manim_generator - INFO - Loading Manim knowledge from: /Users/dariuskashani/CodeProjects/ai_tutor/stored_data/manim_knowledge.txt
2025-03-14 17:41:49,680 - src.backend.manim_generator - INFO - Loaded 728 bytes of knowledge
2025-03-14 17:46:39,164 - src.backend.manim_generator - INFO - Loading Manim knowledge from: /Users/dariuskashani/CodeProjects/ai_tutor/stored_data/manim_knowledge.txt
2025-03-14 17:46:39,165 - src.backend.manim_generator - INFO - Loaded 728 bytes of knowledge
2025-03-14 17:46:58,048 - src.backend.manim_generator - INFO - Loading Manim knowledge from: /Users/dariuskashani/CodeProjects/ai_tutor/stored_data/manim_knowledge.txt
2025-03-14 17:46:58,048 - src.backend.manim_generator - INFO - Loaded 728 bytes of knowledge
2025-03-14 17:47:00,466 - src.backend.manim_generator - INFO - Loading Manim knowledge from: /Users/dariuskashani/CodeProjects/ai_tutor/stored_data/manim_knowledge.txt
2025-03-14 17:47:00,466 - src.backend.manim_generator - INFO - Loaded 728 bytes of knowledge
2025-03-14 17:48:31,496 - src.backend.manim_generator - INFO - Loading Manim knowledge from: /Users/dariuskashani/CodeProjects/ai_tutor/stored_data/manim_knowledge.txt
2025-03-14 17:48:31,496 - src.backend.manim_generator - INFO - Loaded 728 bytes of knowledge
2025-03-14 17:50:10,625 - src.backend.manim_generator - INFO - Generating Manim code for scene 0: Start with a title screen showing "Square" in larg...
2025-03-14 17:50:10,625 - src.backend.manim_generator - INFO - Dry run mode - returning fallback code
2025-03-14 17:50:10,625 - src.backend.manim_generator - INFO - Using fallback code generation due to API error
2025-03-14 17:50:10,625 - src.backend.manim_generator - INFO - Generating Manim code for scene 1: Show a detailed diagram and explanation of the con...
2025-03-14 17:50:10,625 - src.backend.manim_generator - INFO - Dry run mode - returning fallback code
2025-03-14 17:50:10,626 - src.backend.manim_generator - INFO - Using fallback code generation due to API error
2025-03-14 17:50:11,432 - src.backend.manim_generator - INFO - Manim import successful
2025-03-14 17:50:11,432 - src.backend.manim_generator - INFO - Cleaning scene file: /Users/dariuskashani/CodeProjects/ai_tutor/output/scenes/scene_0.py
2025-03-14 17:50:11,433 - src.backend.manim_generator - INFO - Scene file cleaned successfully: /Users/dariuskashani/CodeProjects/ai_tutor/output/scenes/scene_0.py
2025-03-14 17:50:14,763 - src.backend.manim_generator - INFO - Cleaning scene file: /Users/dariuskashani/CodeProjects/ai_tutor/output/scenes/scene_1.py
2025-03-14 17:50:14,764 - src.backend.manim_generator - INFO - Scene file cleaned successfully: /Users/dariuskashani/CodeProjects/ai_tutor/output/scenes/scene_1.py
2025-03-14 17:54:32,930 - src.backend.manim_generator - INFO - Loading Manim knowledge from: /Users/dariuskashani/CodeProjects/ai_tutor/stored_data/manim_knowledge.txt
2025-03-14 17:54:32,931 - src.backend.manim_generator - INFO - Loaded 728 bytes of knowledge
2025-03-14 18:01:39,625 - src.backend.manim_generator - INFO - Loading Manim knowledge from: /Users/dariuskashani/CodeProjects/ai_tutor/stored_data/manim_knowledge.txt
2025-03-14 18:01:39,626 - src.backend.manim_generator - INFO - Loaded 728 bytes of knowledge
2025-03-14 18:03:39,260 - src.backend.manim_generator - INFO - Loading Manim knowledge from: /Users/dariuskashani/CodeProjects/ai_tutor/stored_data/manim_knowledge.txt
2025-03-14 18:03:39,261 - src.backend.manim_generator - INFO - Loaded 728 bytes of knowledge
2025-03-14 18:04:07,773 - src.backend.manim_generator - INFO - Generating Manim code for scene 0: [0:02] Start with a title screen that displays "Si...
2025-03-14 18:04:07,774 - src.backend.manim_generator - INFO - Using generative-manim approach for code generation
2025-03-14 18:04:28,454 - src.backend.manim_generator - INFO - Generating Manim code for scene 1: [0:32] Illustrate a real-world application of tria...
2025-03-14 18:04:28,454 - src.backend.manim_generator - INFO - Using generative-manim approach for code generation
2025-03-14 18:04:43,425 - src.backend.manim_generator - INFO - Generating Manim code for scene 2: [0:52] Transition to a map example. At 0:55, highl...
2025-03-14 18:04:43,425 - src.backend.manim_generator - INFO - Using generative-manim approach for code generation
2025-03-14 18:04:53,943 - src.backend.manim_generator - INFO - Manim import successful
2025-03-14 18:04:53,944 - src.backend.manim_generator - INFO - Cleaning scene file: /Users/dariuskashani/CodeProjects/ai_tutor/output/scenes/scene_0.py
2025-03-14 18:04:53,944 - src.backend.manim_generator - INFO - Scene file cleaned successfully: /Users/dariuskashani/CodeProjects/ai_tutor/output/scenes/scene_0.py
2025-03-14 18:04:58,280 - src.backend.manim_generator - INFO - Cleaning scene file: /Users/dariuskashani/CodeProjects/ai_tutor/output/scenes/scene_1.py
2025-03-14 18:04:58,280 - src.backend.manim_generator - INFO - Scene file cleaned successfully: /Users/dariuskashani/CodeProjects/ai_tutor/output/scenes/scene_1.py
2025-03-14 18:04:59,176 - src.backend.manim_generator - INFO - Cleaning scene file: /Users/dariuskashani/CodeProjects/ai_tutor/output/scenes/scene_2.py
2025-03-14 18:04:59,176 - src.backend.manim_generator - INFO - Scene file cleaned successfully: /Users/dariuskashani/CodeProjects/ai_tutor/output/scenes/scene_2.py
2025-03-14 22:04:45,017 - src.backend.manim_generator - INFO - Loading Manim knowledge from: /Users/dariuskashani/CodeProjects/ai_tutor/stored_data/manim_knowledge.txt
2025-03-14 22:04:45,017 - src.backend.manim_generator - INFO - Loaded 728 bytes of knowledge
2025-03-14 22:11:53,565 - src.backend.manim_generator - INFO - Loading Manim knowledge from: /Users/dariuskashani/CodeProjects/ai_tutor/stored_data/manim_knowledge.txt
2025-03-14 22:11:53,565 - src.backend.manim_generator - INFO - Loaded 728 bytes of knowledge
2025-03-14 22:12:38,732 - src.backend.manim_generator - INFO - Loading Manim knowledge from: /Users/dariuskashani/CodeProjects/ai_tutor/stored_data/manim_knowledge.txt
2025-03-14 22:12:38,732 - src.backend.manim_generator - INFO - Loaded 728 bytes of knowledge
2025-03-14 22:13:12,016 - src.backend.manim_generator - INFO - Loading Manim knowledge from: /Users/dariuskashani/CodeProjects/ai_tutor/stored_data/manim_knowledge.txt
2025-03-14 22:13:12,016 - src.backend.manim_generator - INFO - Loaded 728 bytes of knowledge
2025-03-14 22:14:09,180 - src.backend.manim_generator - INFO - Generating Manim code for scene 0: [00:06] Let’s start with a simple animation. A whi...
2025-03-14 22:14:09,180 - src.backend.manim_generator - INFO - Using generative-manim approach for code generation
2025-03-14 22:14:22,500 - src.backend.manim_generator - INFO - Generating Manim code for scene 1: [01:06] The screen splits into two sections. On th...
2025-03-14 22:14:22,500 - src.backend.manim_generator - INFO - Using generative-manim approach for code generation
2025-03-14 22:14:36,710 - src.backend.manim_generator - INFO - Generating Manim code for scene 2: [02:06] A cartoon cityscape appears on the screen....
2025-03-14 22:14:36,710 - src.backend.manim_generator - INFO - Using generative-manim approach for code generation
2025-03-14 22:14:57,376 - src.backend.manim_generator - INFO - Manim import successful
2025-03-14 22:14:57,376 - src.backend.manim_generator - INFO - Cleaning scene file: /Users/dariuskashani/CodeProjects/ai_tutor/output/scenes/scene_0.py
2025-03-14 22:14:57,377 - src.backend.manim_generator - INFO - Scene file cleaned successfully: /Users/dariuskashani/CodeProjects/ai_tutor/output/scenes/scene_0.py
2025-03-14 22:22:26,327 - src.backend.manim_generator - INFO - Generating Manim code for scene 0: Start with a title screen showing "Simple Triangle...
2025-03-14 22:22:26,327 - src.backend.manim_generator - INFO - Dry run mode - returning fallback code
2025-03-14 22:22:26,327 - src.backend.manim_generator - INFO - Using fallback code generation due to API error
2025-03-14 22:22:26,329 - src.backend.manim_generator - INFO - Generating Manim code for scene 1: Show a detailed diagram and explanation of the con...
2025-03-14 22:22:26,329 - src.backend.manim_generator - INFO - Dry run mode - returning fallback code
2025-03-14 22:22:26,329 - src.backend.manim_generator - INFO - Using fallback code generation due to API error
2025-03-14 22:22:27,010 - src.backend.manim_generator - INFO - Manim import successful
2025-03-14 22:22:27,010 - src.backend.manim_generator - INFO - Cleaning scene file: /Users/dariuskashani/CodeProjects/ai_tutor/output/scenes/scene_0.py
2025-03-14 22:22:27,011 - src.backend.manim_generator - INFO - Scene file cleaned successfully: /Users/dariuskashani/CodeProjects/ai_tutor/output/scenes/scene_0.py
2025-03-14 22:22:50,062 - src.backend.manim_generator - INFO - Cleaning scene file: /Users/dariuskashani/CodeProjects/ai_tutor/output/scenes/scene_1.py
2025-03-14 22:22:50,063 - src.backend.manim_generator - INFO - Scene file cleaned successfully: /Users/dariuskashani/CodeProjects/ai_tutor/output/scenes/scene_1.py
2025-03-14 22:27:30,415 - src.backend.manim_generator - INFO - Loading Manim knowledge from: /Users/dariuskashani/CodeProjects/ai_tutor/stored_data/manim_knowledge.txt
2025-03-14 22:27:30,416 - src.backend.manim_generator - INFO - Loaded 728 bytes of knowledge
2025-03-14 22:28:45,833 - src.backend.manim_generator - INFO - Loading Manim knowledge from: /Users/dariuskashani/CodeProjects/ai_tutor/stored_data/manim_knowledge.txt
2025-03-14 22:28:45,833 - src.backend.manim_generator - INFO - Loaded 728 bytes of knowledge
2025-03-14 22:31:13,873 - src.backend.manim_generator - INFO - Generating Manim code for scene 0: [0:03] The screen opens with a title "Pyramid Geom...
2025-03-14 22:31:13,873 - src.backend.manim_generator - INFO - Using generative-manim approach for code generation
2025-03-14 22:31:28,532 - src.backend.manim_generator - INFO - Validating and fixing Manim code
2025-03-14 22:31:28,533 - src.backend.manim_generator - INFO - Generating Manim code for scene 1: [0:44] Display an animation of the Great Pyramid o...
2025-03-14 22:31:28,533 - src.backend.manim_generator - INFO - Using generative-manim approach for code generation
2025-03-14 22:31:37,241 - src.backend.manim_generator - INFO - Validating and fixing Manim code
2025-03-14 22:31:37,243 - src.backend.manim_generator - INFO - Generating Manim code for scene 2: [1:00] End with a screen displaying "Pyramid Geome...
2025-03-14 22:31:37,243 - src.backend.manim_generator - INFO - Using generative-manim approach for code generation
2025-03-14 22:31:42,414 - src.backend.manim_generator - INFO - Validating and fixing Manim code
2025-03-14 22:31:43,176 - src.backend.manim_generator - INFO - Manim import successful
2025-03-14 22:31:43,176 - src.backend.manim_generator - INFO - Cleaning scene file: /Users/dariuskashani/CodeProjects/ai_tutor/output/scenes/scene_0.py
2025-03-14 22:31:43,177 - src.backend.manim_generator - INFO - Scene file cleaned successfully: /Users/dariuskashani/CodeProjects/ai_tutor/output/scenes/scene_0.py
2025-03-14 22:31:43,177 - src.backend.manim_generator - INFO - Cleaning scene file: /Users/dariuskashani/CodeProjects/ai_tutor/output/scenes/scene_1.py
2025-03-14 22:31:43,177 - src.backend.manim_generator - INFO - Scene file cleaned successfully: /Users/dariuskashani/CodeProjects/ai_tutor/output/scenes/scene_1.py
2025-03-14 22:31:43,177 - src.backend.manim_generator - INFO - Cleaning scene file: /Users/dariuskashani/CodeProjects/ai_tutor/output/scenes/scene_2.py
2025-03-14 22:31:43,177 - src.backend.manim_generator - INFO - Scene file cleaned successfully: /Users/dariuskashani/CodeProjects/ai_tutor/output/scenes/scene_2.py
2025-03-14 22:50:15,445 - src.backend.manim_generator - INFO - Loading Manim knowledge from: /Users/dariuskashani/CodeProjects/ai_tutor/stored_data/manim_knowledge.txt
2025-03-14 22:50:15,445 - src.backend.manim_generator - INFO - Loaded 728 bytes of knowledge
2025-03-14 22:51:51,845 - src.backend.manim_generator - INFO - Generating Manim code for scene 0: [00:03] Open with a simple title card displaying "...
2025-03-14 22:51:51,845 - src.backend.manim_generator - INFO - Using generative-manim approach for code generation
2025-03-14 22:52:05,702 - src.backend.manim_generator - INFO - Validating and fixing Manim code
2025-03-14 22:52:05,702 - src.backend.manim_generator - INFO - Fixed: Added missing import for Polygon
2025-03-14 22:52:05,704 - src.backend.manim_generator - INFO - Generating Manim code for scene 1: [01:00] Transition to a new scene with a blank gri...
2025-03-14 22:52:05,704 - src.backend.manim_generator - INFO - Using generative-manim approach for code generation
2025-03-14 22:52:20,585 - src.backend.manim_generator - INFO - Validating and fixing Manim code
2025-03-14 22:52:20,586 - src.backend.manim_generator - INFO - Fixed: Added missing import for Polygon
2025-03-14 22:52:20,587 - src.backend.manim_generator - INFO - Generating Manim code for scene 2: [02:15] Display a ladder leaning against a wall, f...
2025-03-14 22:52:20,587 - src.backend.manim_generator - INFO - Using generative-manim approach for code generation
2025-03-14 22:52:33,753 - src.backend.manim_generator - INFO - Validating and fixing Manim code
2025-03-14 22:52:33,756 - src.backend.manim_generator - INFO - Generating Manim code for scene 3: [03:30] Display a scene showing the use of the Pyt...
2025-03-14 22:52:33,756 - src.backend.manim_generator - INFO - Using generative-manim approach for code generation
2025-03-14 22:52:51,700 - src.backend.manim_generator - INFO - Validating and fixing Manim code
2025-03-14 22:52:52,350 - src.backend.manim_generator - INFO - Manim import successful
2025-03-14 22:52:52,350 - src.backend.manim_generator - INFO - Cleaning scene file: /Users/dariuskashani/CodeProjects/ai_tutor/output/scenes/scene_0.py
2025-03-14 22:52:52,353 - src.backend.manim_generator - INFO - Scene file cleaned successfully: /Users/dariuskashani/CodeProjects/ai_tutor/output/scenes/scene_0.py
2025-03-14 22:52:52,353 - src.backend.manim_generator - INFO - Cleaning scene file: /Users/dariuskashani/CodeProjects/ai_tutor/output/scenes/scene_1.py
2025-03-14 22:52:52,353 - src.backend.manim_generator - INFO - Scene file cleaned successfully: /Users/dariuskashani/CodeProjects/ai_tutor/output/scenes/scene_1.py
2025-03-14 22:52:52,353 - src.backend.manim_generator - INFO - Cleaning scene file: /Users/dariuskashani/CodeProjects/ai_tutor/output/scenes/scene_2.py
2025-03-14 22:52:52,353 - src.backend.manim_generator - INFO - Scene file cleaned successfully: /Users/dariuskashani/CodeProjects/ai_tutor/output/scenes/scene_2.py
2025-03-14 22:52:52,354 - src.backend.manim_generator - INFO - Cleaning scene file: /Users/dariuskashani/CodeProjects/ai_tutor/output/scenes/scene_3.py
2025-03-14 22:52:52,354 - src.backend.manim_generator - INFO - Scene file cleaned successfully: /Users/dariuskashani/CodeProjects/ai_tutor/output/scenes/scene_3.py
2025-03-14 23:43:07,130 - src.backend.manim_generator - INFO - Loading Manim knowledge from: /Users/dariuskashani/CodeProjects/ai_tutor/stored_data/manim_knowledge.txt
2025-03-14 23:43:07,131 - src.backend.manim_generator - INFO - Loaded 728 bytes of knowledge
2025-03-14 23:44:22,161 - src.backend.manim_generator - INFO - Loading Manim knowledge from: /Users/dariuskashani/CodeProjects/ai_tutor/stored_data/manim_knowledge.txt
2025-03-14 23:44:22,162 - src.backend.manim_generator - INFO - Loaded 728 bytes of knowledge
2025-03-14 23:45:14,000 - src.backend.manim_generator - INFO - Loading Manim knowledge from: /Users/dariuskashani/CodeProjects/ai_tutor/stored_data/manim_knowledge.txt
2025-03-14 23:45:14,000 - src.backend.manim_generator - INFO - Loaded 728 bytes of knowledge
2025-03-14 23:45:58,902 - src.backend.manim_generator - INFO - Generating Manim code for scene 0: [00:05] Open with a title card displaying “Pythago...
2025-03-14 23:45:58,902 - src.backend.manim_generator - INFO - Using generative-manim approach for code generation
2025-03-14 23:46:18,214 - src.backend.manim_generator - INFO - Validating and fixing Manim code
2025-03-14 23:46:18,215 - src.backend.manim_generator - INFO - Fixed: Added missing import for Polygon
2025-03-14 23:46:18,218 - src.backend.manim_generator - INFO - Generating Manim code for scene 1: [01:05] Display a new right triangle with side len...
2025-03-14 23:46:18,218 - src.backend.manim_generator - INFO - Using generative-manim approach for code generation
2025-03-14 23:46:33,241 - src.backend.manim_generator - INFO - Validating and fixing Manim code
2025-03-14 23:46:33,242 - src.backend.manim_generator - INFO - Fixed: Added missing import for Polygon
2025-03-14 23:46:33,244 - src.backend.manim_generator - INFO - Generating Manim code for scene 2: [02:05] Show a ladder leaning against a wall formi...
2025-03-14 23:46:33,244 - src.backend.manim_generator - INFO - Using generative-manim approach for code generation
2025-03-14 23:46:45,461 - src.backend.manim_generator - INFO - Validating and fixing Manim code
2025-03-14 23:46:45,461 - src.backend.manim_generator - INFO - Fixed: Replaced ShowCreation with Create
2025-03-14 23:46:45,464 - src.backend.manim_generator - INFO - Generating Manim code for scene 3: [03:35] Transition to an animated Einstein at a ch...
2025-03-14 23:46:45,464 - src.backend.manim_generator - INFO - Using generative-manim approach for code generation
2025-03-14 23:47:04,895 - src.backend.manim_generator - INFO - Validating and fixing Manim code
2025-03-14 23:47:04,895 - src.backend.manim_generator - INFO - Fixed: Added missing import for Polygon
2025-03-14 23:47:05,578 - src.backend.manim_generator - INFO - Manim import successful
2025-03-14 23:47:05,579 - src.backend.manim_generator - INFO - Cleaning scene file: /Users/dariuskashani/CodeProjects/ai_tutor/output/scenes/scene_0.py
2025-03-14 23:47:05,580 - src.backend.manim_generator - INFO - Scene file cleaned successfully: /Users/dariuskashani/CodeProjects/ai_tutor/output/scenes/scene_0.py
2025-03-14 23:47:05,580 - src.backend.manim_generator - INFO - Cleaning scene file: /Users/dariuskashani/CodeProjects/ai_tutor/output/scenes/scene_1.py
2025-03-14 23:47:05,580 - src.backend.manim_generator - INFO - Scene file cleaned successfully: /Users/dariuskashani/CodeProjects/ai_tutor/output/scenes/scene_1.py
2025-03-14 23:47:05,581 - src.backend.manim_generator - INFO - Cleaning scene file: /Users/dariuskashani/CodeProjects/ai_tutor/output/scenes/scene_2.py
2025-03-14 23:47:05,581 - src.backend.manim_generator - INFO - Scene file cleaned successfully: /Users/dariuskashani/CodeProjects/ai_tutor/output/scenes/scene_2.py
2025-03-14 23:47:05,582 - src.backend.manim_generator - INFO - Cleaning scene file: /Users/dariuskashani/CodeProjects/ai_tutor/output/scenes/scene_3.py
2025-03-14 23:47:05,582 - src.backend.manim_generator - INFO - Scene file cleaned successfully: /Users/dariuskashani/CodeProjects/ai_tutor/output/scenes/scene_3.py
